<?xml version="1.0" encoding="UTF-8"?>
<!-- Generated by org.testng.reporters.JUnitReportReporter -->
<testsuite hostname="DESKTOP-0ABDFGE" failures="0" tests="4" name="com.testcases.TC_1_ActitimeLoginLogOut" time="25.736" errors="0" timestamp="2023-12-29T13:02:46 IST" skipped="0">
  <testcase classname="com.testcases.TC_1_ActitimeLoginLogOut" name="login" time="5.321"/>
  <system-out/>
  <testcase classname="com.testcases.TC_1_ActitimeLoginLogOut" name="login" time="0.988"/>
  <system-out/>
  <testcase classname="com.testcases.TC_1_ActitimeLoginLogOut" name="logout" time="8.138"/>
  <system-out/>
  <testcase classname="com.testcases.TC_1_ActitimeLoginLogOut" name="logout" time="11.289"/>
  <system-out/>
</testsuite> <!-- com.testcases.TC_1_ActitimeLoginLogOut -->
