<?xml version="1.0" encoding="UTF-8"?>
<!-- Generated by org.testng.reporters.JUnitReportReporter -->
<testsuite hostname="DESKTOP-0ABDFGE" failures="0" tests="4" name="com.testcases.TC_1_ActitimeLoginLogOut" time="23.299" errors="0" timestamp="2023-12-29T13:04:13 IST" skipped="0">
  <testcase classname="com.testcases.TC_1_ActitimeLoginLogOut" name="login" time="3.238"/>
  <system-out/>
  <testcase classname="com.testcases.TC_1_ActitimeLoginLogOut" name="logout" time="11.848"/>
  <system-out/>
  <testcase classname="com.testcases.TC_1_ActitimeLoginLogOut" name="logout" time="7.480"/>
  <system-out/>
  <testcase classname="com.testcases.TC_1_ActitimeLoginLogOut" name="login" time="0.733"/>
  <system-out/>
</testsuite> <!-- com.testcases.TC_1_ActitimeLoginLogOut -->
